{"D:\\Projetos\\testfullstaksepeedio\\backend\\src\\app.ts": {"path":"D:\\Projetos\\testfullstaksepeedio\\backend\\src\\app.ts","statementMap":{"0":{"start":{"line":1,"column":0},"end":{"line":1,"column":30}},"1":{"start":{"line":2,"column":0},"end":{"line":2,"column":23}},"2":{"start":{"line":3,"column":0},"end":{"line":3,"column":24}},"3":{"start":{"line":5,"column":0},"end":{"line":5,"column":32}},"4":{"start":{"line":6,"column":0},"end":{"line":6,"column":44}},"5":{"start":{"line":7,"column":0},"end":{"line":7,"column":41}},"6":{"start":{"line":9,"column":33},"end":{"line":9,"column":42}},"7":{"start":{"line":17,"column":8},"end":{"line":17,"column":11}},"8":{"start":{"line":11,"column":0},"end":{"line":11,"column":24}},"9":{"start":{"line":12,"column":0},"end":{"line":12,"column":16}},"10":{"start":{"line":13,"column":0},"end":{"line":13,"column":20}},"11":{"start":{"line":14,"column":0},"end":{"line":14,"column":19}}},"fnMap":{},"branchMap":{},"s":{"0":1,"1":1,"2":1,"3":1,"4":1,"5":1,"6":1,"7":1,"8":1,"9":1,"10":1,"11":1},"f":{},"b":{}}
,"D:\\Projetos\\testfullstaksepeedio\\backend\\src\\config\\database.ts": {"path":"D:\\Projetos\\testfullstaksepeedio\\backend\\src\\config\\database.ts","statementMap":{"0":{"start":{"line":1,"column":0},"end":{"line":1,"column":34}},"1":{"start":{"line":3,"column":12},"end":{"line":3,"column":113}},"2":{"start":{"line":4,"column":13},"end":{"line":4,"column":72}},"3":{"start":{"line":6,"column":0},"end":{"line":6,"column":20}}},"fnMap":{},"branchMap":{},"s":{"0":1,"1":1,"2":1,"3":1},"f":{},"b":{}}
,"D:\\Projetos\\testfullstaksepeedio\\backend\\src\\config\\jwtsecret.ts": {"path":"D:\\Projetos\\testfullstaksepeedio\\backend\\src\\config\\jwtsecret.ts","statementMap":{"0":{"start":{"line":1,"column":15},"end":{"line":1,"column":72}},"1":{"start":{"line":3,"column":0},"end":{"line":3,"column":null}}},"fnMap":{},"branchMap":{},"s":{"0":1,"1":1},"f":{},"b":{}}
,"D:\\Projetos\\testfullstaksepeedio\\backend\\src\\controllers\\UrlController.ts": {"path":"D:\\Projetos\\testfullstaksepeedio\\backend\\src\\controllers\\UrlController.ts","statementMap":{"0":{"start":{"line":2,"column":0},"end":{"line":2,"column":34}},"1":{"start":{"line":3,"column":0},"end":{"line":3,"column":32}},"2":{"start":{"line":4,"column":0},"end":{"line":4,"column":23}},"3":{"start":{"line":6,"column":0},"end":{"line":6,"column":32}},"4":{"start":{"line":17,"column":0},"end":{"line":17,"column":21}},"5":{"start":{"line":18,"column":11},"end":{"line":53,"column":null}},"6":{"start":{"line":18,"column":53},"end":{"line":53,"column":null}},"7":{"start":{"line":21,"column":12},"end":{"line":21,"column":null}},"8":{"start":{"line":23,"column":14},"end":{"line":23,"column":40}},"9":{"start":{"line":25,"column":21},"end":{"line":25,"column":null}},"10":{"start":{"line":25,"column":14},"end":{"line":25,"column":null}},"11":{"start":{"line":26,"column":14},"end":{"line":26,"column":62}},"12":{"start":{"line":30,"column":24},"end":{"line":30,"column":null}},"13":{"start":{"line":30,"column":18},"end":{"line":30,"column":null}},"14":{"start":{"line":32,"column":16},"end":{"line":32,"column":17}},"15":{"start":{"line":33,"column":16},"end":{"line":40,"column":19}},"16":{"start":{"line":42,"column":16},"end":{"line":42,"column":null}},"17":{"start":{"line":43,"column":16},"end":{"line":43,"column":22}},"18":{"start":{"line":46,"column":16},"end":{"line":46,"column":null}},"19":{"start":{"line":50,"column":12},"end":{"line":50,"column":null}},"20":{"start":{"line":55,"column":11},"end":{"line":75,"column":null}},"21":{"start":{"line":55,"column":57},"end":{"line":75,"column":null}},"22":{"start":{"line":58,"column":12},"end":{"line":58,"column":null}},"23":{"start":{"line":60,"column":12},"end":{"line":60,"column":14}},"24":{"start":{"line":61,"column":24},"end":{"line":61,"column":null}},"25":{"start":{"line":61,"column":18},"end":{"line":61,"column":null}},"26":{"start":{"line":63,"column":12},"end":{"line":69,"column":null}},"27":{"start":{"line":64,"column":16},"end":{"line":64,"column":null}},"28":{"start":{"line":65,"column":16},"end":{"line":65,"column":22}},"29":{"start":{"line":68,"column":16},"end":{"line":68,"column":null}},"30":{"start":{"line":72,"column":12},"end":{"line":72,"column":null}},"31":{"start":{"line":77,"column":11},"end":{"line":98,"column":null}},"32":{"start":{"line":77,"column":59},"end":{"line":98,"column":null}},"33":{"start":{"line":79,"column":24},"end":{"line":80,"column":null}},"34":{"start":{"line":79,"column":18},"end":{"line":80,"column":null}},"35":{"start":{"line":82,"column":18},"end":{"line":84,"column":61}},"36":{"start":{"line":86,"column":12},"end":{"line":86,"column":null}},"37":{"start":{"line":88,"column":12},"end":{"line":95,"column":null}},"38":{"start":{"line":89,"column":16},"end":{"line":89,"column":null}},"39":{"start":{"line":90,"column":16},"end":{"line":90,"column":null}},"40":{"start":{"line":91,"column":16},"end":{"line":91,"column":22}},"41":{"start":{"line":94,"column":16},"end":{"line":94,"column":null}},"42":{"start":{"line":100,"column":11},"end":{"line":116,"column":null}},"43":{"start":{"line":100,"column":56},"end":{"line":116,"column":null}},"44":{"start":{"line":102,"column":14},"end":{"line":102,"column":34}},"45":{"start":{"line":104,"column":12},"end":{"line":104,"column":14}},"46":{"start":{"line":105,"column":24},"end":{"line":105,"column":null}},"47":{"start":{"line":105,"column":18},"end":{"line":105,"column":null}},"48":{"start":{"line":107,"column":12},"end":{"line":113,"column":null}},"49":{"start":{"line":108,"column":16},"end":{"line":108,"column":null}},"50":{"start":{"line":109,"column":16},"end":{"line":109,"column":22}},"51":{"start":{"line":112,"column":16},"end":{"line":112,"column":null}},"52":{"start":{"line":117,"column":0},"end":{"line":117,"column":null}},"53":{"start":{"line":17,"column":21},"end":{"line":17,"column":null}}},"fnMap":{"0":{"name":"(anonymous_14)","decl":{"start":{"line":17,"column":0},"end":{"line":17,"column":21}},"loc":{"start":{"line":17,"column":0},"end":{"line":17,"column":21}}},"1":{"name":"(anonymous_16)","decl":{"start":{"line":18,"column":19},"end":{"line":18,"column":26}},"loc":{"start":{"line":18,"column":53},"end":{"line":53,"column":null}}},"2":{"name":"(anonymous_17)","decl":{"start":{"line":18,"column":53},"end":{"line":18,"column":null}},"loc":{"start":{"line":18,"column":53},"end":{"line":53,"column":null}}},"3":{"name":"(anonymous_19)","decl":{"start":{"line":55,"column":23},"end":{"line":55,"column":30}},"loc":{"start":{"line":55,"column":57},"end":{"line":75,"column":null}}},"4":{"name":"(anonymous_20)","decl":{"start":{"line":55,"column":57},"end":{"line":55,"column":null}},"loc":{"start":{"line":55,"column":57},"end":{"line":75,"column":null}}},"5":{"name":"(anonymous_22)","decl":{"start":{"line":77,"column":25},"end":{"line":77,"column":32}},"loc":{"start":{"line":77,"column":59},"end":{"line":98,"column":null}}},"6":{"name":"(anonymous_23)","decl":{"start":{"line":77,"column":59},"end":{"line":77,"column":null}},"loc":{"start":{"line":77,"column":59},"end":{"line":98,"column":null}}},"7":{"name":"(anonymous_25)","decl":{"start":{"line":100,"column":22},"end":{"line":100,"column":29}},"loc":{"start":{"line":100,"column":56},"end":{"line":116,"column":null}}},"8":{"name":"(anonymous_26)","decl":{"start":{"line":100,"column":56},"end":{"line":100,"column":null}},"loc":{"start":{"line":100,"column":56},"end":{"line":116,"column":null}}}},"branchMap":{"0":{"loc":{"start":{"line":21,"column":43},"end":{"line":21,"column":56}},"type":"cond-expr","locations":[{"start":{"line":21,"column":43},"end":{"line":21,"column":56}},{"start":{"line":21,"column":59},"end":{"line":21,"column":68}}]},"1":{"loc":{"start":{"line":32,"column":16},"end":{"line":32,"column":17}},"type":"if","locations":[{"start":{"line":32,"column":16},"end":{"line":32,"column":17}},{"start":{"line":32,"column":16},"end":{"line":32,"column":17}}]},"2":{"loc":{"start":{"line":58,"column":43},"end":{"line":58,"column":56}},"type":"cond-expr","locations":[{"start":{"line":58,"column":43},"end":{"line":58,"column":56}},{"start":{"line":58,"column":59},"end":{"line":58,"column":68}}]},"3":{"loc":{"start":{"line":60,"column":12},"end":{"line":60,"column":14}},"type":"if","locations":[{"start":{"line":60,"column":12},"end":{"line":60,"column":14}},{"start":{"line":60,"column":12},"end":{"line":60,"column":14}}]},"4":{"loc":{"start":{"line":63,"column":12},"end":{"line":69,"column":null}},"type":"if","locations":[{"start":{"line":63,"column":12},"end":{"line":69,"column":null}},{"start":{"line":63,"column":12},"end":{"line":69,"column":null}}]},"5":{"loc":{"start":{"line":79,"column":24},"end":{"line":80,"column":null}},"type":"switch","locations":[{"start":{"line":79,"column":24},"end":{"line":80,"column":null}}]},"6":{"loc":{"start":{"line":88,"column":12},"end":{"line":95,"column":null}},"type":"if","locations":[{"start":{"line":88,"column":12},"end":{"line":95,"column":null}},{"start":{"line":88,"column":12},"end":{"line":95,"column":null}}]},"7":{"loc":{"start":{"line":104,"column":12},"end":{"line":104,"column":14}},"type":"if","locations":[{"start":{"line":104,"column":12},"end":{"line":104,"column":14}},{"start":{"line":104,"column":12},"end":{"line":104,"column":14}}]},"8":{"loc":{"start":{"line":107,"column":12},"end":{"line":113,"column":null}},"type":"if","locations":[{"start":{"line":107,"column":12},"end":{"line":113,"column":null}},{"start":{"line":107,"column":12},"end":{"line":113,"column":null}}]}},"s":{"0":1,"1":1,"2":1,"3":1,"4":1,"5":1,"6":2,"7":2,"8":2,"9":2,"10":2,"11":2,"12":2,"13":2,"14":2,"15":4,"16":2,"17":2,"18":0,"19":0,"20":1,"21":2,"22":2,"23":3,"24":1,"25":1,"26":1,"27":1,"28":1,"29":0,"30":1,"31":1,"32":1,"33":1,"34":1,"35":0,"36":0,"37":0,"38":0,"39":0,"40":0,"41":0,"42":1,"43":1,"44":1,"45":1,"46":1,"47":1,"48":1,"49":1,"50":1,"51":0,"52":1,"53":1},"f":{"0":1,"1":2,"2":2,"3":2,"4":2,"5":1,"6":1,"7":1,"8":1},"b":{"0":[1,1],"1":[0,2],"2":[1,1],"3":[1,1],"4":[1,0],"5":[1],"6":[0,0],"7":[0,1],"8":[1,0]}}
,"D:\\Projetos\\testfullstaksepeedio\\backend\\src\\controllers\\UserController.ts": {"path":"D:\\Projetos\\testfullstaksepeedio\\backend\\src\\controllers\\UserController.ts","statementMap":{"0":{"start":{"line":2,"column":0},"end":{"line":2,"column":31}},"1":{"start":{"line":3,"column":0},"end":{"line":3,"column":41}},"2":{"start":{"line":4,"column":0},"end":{"line":4,"column":34}},"3":{"start":{"line":12,"column":0},"end":{"line":12,"column":21}},"4":{"start":{"line":13,"column":11},"end":{"line":31,"column":null}},"5":{"start":{"line":13,"column":53},"end":{"line":31,"column":null}},"6":{"start":{"line":14,"column":14},"end":{"line":14,"column":42}},"7":{"start":{"line":18,"column":31},"end":{"line":18,"column":null}},"8":{"start":{"line":18,"column":18},"end":{"line":18,"column":null}},"9":{"start":{"line":20,"column":12},"end":{"line":22,"column":null}},"10":{"start":{"line":21,"column":16},"end":{"line":21,"column":78}},"11":{"start":{"line":24,"column":25},"end":{"line":24,"column":null}},"12":{"start":{"line":24,"column":18},"end":{"line":24,"column":null}},"13":{"start":{"line":26,"column":12},"end":{"line":26,"column":46}},"14":{"start":{"line":29,"column":12},"end":{"line":29,"column":79}},"15":{"start":{"line":33,"column":11},"end":{"line":54,"column":null}},"16":{"start":{"line":33,"column":53},"end":{"line":54,"column":null}},"17":{"start":{"line":35,"column":14},"end":{"line":35,"column":36}},"18":{"start":{"line":38,"column":25},"end":{"line":38,"column":null}},"19":{"start":{"line":38,"column":18},"end":{"line":38,"column":null}},"20":{"start":{"line":40,"column":12},"end":{"line":42,"column":null}},"21":{"start":{"line":41,"column":16},"end":{"line":41,"column":73}},"22":{"start":{"line":44,"column":26},"end":{"line":46,"column":17}},"23":{"start":{"line":44,"column":18},"end":{"line":46,"column":17}},"24":{"start":{"line":48,"column":18},"end":{"line":48,"column":31}},"25":{"start":{"line":50,"column":12},"end":{"line":50,"column":41}},"26":{"start":{"line":52,"column":12},"end":{"line":52,"column":79}},"27":{"start":{"line":55,"column":0},"end":{"line":55,"column":null}},"28":{"start":{"line":12,"column":21},"end":{"line":12,"column":null}}},"fnMap":{"0":{"name":"(anonymous_14)","decl":{"start":{"line":12,"column":0},"end":{"line":12,"column":21}},"loc":{"start":{"line":12,"column":0},"end":{"line":12,"column":21}}},"1":{"name":"(anonymous_16)","decl":{"start":{"line":13,"column":19},"end":{"line":13,"column":26}},"loc":{"start":{"line":13,"column":53},"end":{"line":31,"column":null}}},"2":{"name":"(anonymous_17)","decl":{"start":{"line":13,"column":53},"end":{"line":13,"column":null}},"loc":{"start":{"line":13,"column":53},"end":{"line":31,"column":null}}},"3":{"name":"(anonymous_19)","decl":{"start":{"line":33,"column":19},"end":{"line":33,"column":26}},"loc":{"start":{"line":33,"column":53},"end":{"line":54,"column":null}}},"4":{"name":"(anonymous_20)","decl":{"start":{"line":33,"column":53},"end":{"line":33,"column":null}},"loc":{"start":{"line":33,"column":53},"end":{"line":54,"column":null}}}},"branchMap":{"0":{"loc":{"start":{"line":20,"column":12},"end":{"line":22,"column":null}},"type":"if","locations":[{"start":{"line":20,"column":12},"end":{"line":22,"column":null}},{"start":{"line":20,"column":12},"end":{"line":22,"column":null}}]},"1":{"loc":{"start":{"line":40,"column":12},"end":{"line":42,"column":null}},"type":"if","locations":[{"start":{"line":40,"column":12},"end":{"line":42,"column":null}},{"start":{"line":40,"column":12},"end":{"line":42,"column":null}}]}},"s":{"0":1,"1":1,"2":1,"3":1,"4":1,"5":1,"6":1,"7":1,"8":1,"9":1,"10":0,"11":1,"12":1,"13":1,"14":0,"15":1,"16":1,"17":1,"18":1,"19":1,"20":1,"21":0,"22":1,"23":1,"24":1,"25":1,"26":0,"27":1,"28":1},"f":{"0":1,"1":1,"2":1,"3":1,"4":1},"b":{"0":[0,1],"1":[0,1]}}
,"D:\\Projetos\\testfullstaksepeedio\\backend\\src\\middlewares\\checkToken.ts": {"path":"D:\\Projetos\\testfullstaksepeedio\\backend\\src\\middlewares\\checkToken.ts","statementMap":{"0":{"start":{"line":2,"column":0},"end":{"line":2,"column":31}},"1":{"start":{"line":3,"column":0},"end":{"line":3,"column":41}},"2":{"start":{"line":5,"column":13},"end":{"line":27,"column":2}},"3":{"start":{"line":7,"column":24},"end":{"line":7,"column":52}},"4":{"start":{"line":9,"column":2},"end":{"line":26,"column":null}},"5":{"start":{"line":10,"column":4},"end":{"line":21,"column":7}},"6":{"start":{"line":11,"column":8},"end":{"line":20,"column":null}},"7":{"start":{"line":12,"column":12},"end":{"line":15,"column":15}},"8":{"start":{"line":18,"column":12},"end":{"line":18,"column":33}},"9":{"start":{"line":19,"column":12},"end":{"line":19,"column":19}},"10":{"start":{"line":24,"column":4},"end":{"line":24,"column":27}},"11":{"start":{"line":25,"column":4},"end":{"line":25,"column":11}}},"fnMap":{"0":{"name":"(anonymous_1)","decl":{"start":{"line":5,"column":26},"end":{"line":5,"column":27}},"loc":{"start":{"line":5,"column":74},"end":{"line":27,"column":1}}},"1":{"name":"(anonymous_2)","decl":{"start":{"line":10,"column":30},"end":{"line":10,"column":31}},"loc":{"start":{"line":10,"column":45},"end":{"line":21,"column":5}}}},"branchMap":{"0":{"loc":{"start":{"line":9,"column":2},"end":{"line":26,"column":null}},"type":"if","locations":[{"start":{"line":9,"column":2},"end":{"line":26,"column":null}},{"start":{"line":9,"column":2},"end":{"line":26,"column":null}}]},"1":{"loc":{"start":{"line":11,"column":8},"end":{"line":20,"column":null}},"type":"if","locations":[{"start":{"line":11,"column":8},"end":{"line":20,"column":null}},{"start":{"line":11,"column":8},"end":{"line":20,"column":null}}]}},"s":{"0":1,"1":1,"2":1,"3":4,"4":4,"5":2,"6":2,"7":0,"8":2,"9":2,"10":2,"11":2},"f":{"0":4,"1":2},"b":{"0":[2,2],"1":[0,2]}}
,"D:\\Projetos\\testfullstaksepeedio\\backend\\src\\models\\Url.ts": {"path":"D:\\Projetos\\testfullstaksepeedio\\backend\\src\\models\\Url.ts","statementMap":{"0":{"start":{"line":1,"column":0},"end":{"line":1,"column":41}},"1":{"start":{"line":3,"column":26},"end":{"line":10,"column":24}},"2":{"start":{"line":12,"column":12},"end":{"line":12,"column":43}},"3":{"start":{"line":14,"column":0},"end":{"line":14,"column":19}}},"fnMap":{},"branchMap":{},"s":{"0":1,"1":1,"2":1,"3":1},"f":{},"b":{}}
,"D:\\Projetos\\testfullstaksepeedio\\backend\\src\\models\\User.ts": {"path":"D:\\Projetos\\testfullstaksepeedio\\backend\\src\\models\\User.ts","statementMap":{"0":{"start":{"line":1,"column":0},"end":{"line":1,"column":41}},"1":{"start":{"line":5,"column":27},"end":{"line":9,"column":24}},"2":{"start":{"line":11,"column":13},"end":{"line":11,"column":47}},"3":{"start":{"line":13,"column":0},"end":{"line":13,"column":20}}},"fnMap":{},"branchMap":{},"s":{"0":1,"1":1,"2":1,"3":1},"f":{},"b":{}}
,"D:\\Projetos\\testfullstaksepeedio\\backend\\src\\routes\\url.ts": {"path":"D:\\Projetos\\testfullstaksepeedio\\backend\\src\\routes\\url.ts","statementMap":{"0":{"start":{"line":1,"column":0},"end":{"line":1,"column":33}},"1":{"start":{"line":2,"column":0},"end":{"line":2,"column":47}},"2":{"start":{"line":3,"column":0},"end":{"line":3,"column":55}},"3":{"start":{"line":5,"column":15},"end":{"line":5,"column":23}},"4":{"start":{"line":7,"column":0},"end":{"line":7,"column":43}},"5":{"start":{"line":8,"column":0},"end":{"line":8,"column":46}},"6":{"start":{"line":9,"column":0},"end":{"line":9,"column":null}},"7":{"start":{"line":10,"column":0},"end":{"line":10,"column":null}},"8":{"start":{"line":12,"column":0},"end":{"line":12,"column":22}}},"fnMap":{},"branchMap":{},"s":{"0":1,"1":1,"2":1,"3":1,"4":1,"5":1,"6":1,"7":1,"8":1},"f":{},"b":{}}
,"D:\\Projetos\\testfullstaksepeedio\\backend\\src\\routes\\user.ts": {"path":"D:\\Projetos\\testfullstaksepeedio\\backend\\src\\routes\\user.ts","statementMap":{"0":{"start":{"line":1,"column":0},"end":{"line":1,"column":33}},"1":{"start":{"line":2,"column":0},"end":{"line":2,"column":49}},"2":{"start":{"line":4,"column":15},"end":{"line":4,"column":23}},"3":{"start":{"line":6,"column":0},"end":{"line":6,"column":37}},"4":{"start":{"line":7,"column":0},"end":{"line":7,"column":34}},"5":{"start":{"line":9,"column":0},"end":{"line":9,"column":22}}},"fnMap":{},"branchMap":{},"s":{"0":1,"1":1,"2":1,"3":1,"4":1,"5":1},"f":{},"b":{}}
}
