TN:
SF:D:\Projetos\testfullstaksepeedio\backend\src\app.ts
FNF:0
FNH:0
DA:1,1
DA:2,1
DA:3,1
DA:5,1
DA:6,1
DA:7,1
DA:9,1
DA:11,1
DA:12,1
DA:13,1
DA:14,1
DA:17,1
LF:12
LH:12
BRF:0
BRH:0
end_of_record
TN:
SF:D:\Projetos\testfullstaksepeedio\backend\src\config\database.ts
FNF:0
FNH:0
DA:1,1
DA:3,1
DA:4,1
DA:6,1
LF:4
LH:4
BRF:0
BRH:0
end_of_record
TN:
SF:D:\Projetos\testfullstaksepeedio\backend\src\config\jwtsecret.ts
FNF:0
FNH:0
DA:1,1
DA:3,1
LF:2
LH:2
BRF:0
BRH:0
end_of_record
TN:
SF:D:\Projetos\testfullstaksepeedio\backend\src\controllers\UrlController.ts
FN:17,(anonymous_14)
FN:18,(anonymous_16)
FN:18,(anonymous_17)
FN:55,(anonymous_19)
FN:55,(anonymous_20)
FN:77,(anonymous_22)
FN:77,(anonymous_23)
FN:100,(anonymous_25)
FN:100,(anonymous_26)
FNF:9
FNH:9
FNDA:1,(anonymous_14)
FNDA:2,(anonymous_16)
FNDA:2,(anonymous_17)
FNDA:2,(anonymous_19)
FNDA:2,(anonymous_20)
FNDA:1,(anonymous_22)
FNDA:1,(anonymous_23)
FNDA:1,(anonymous_25)
FNDA:1,(anonymous_26)
DA:2,1
DA:3,1
DA:4,1
DA:6,1
DA:17,1
DA:18,2
DA:21,2
DA:23,2
DA:25,2
DA:26,2
DA:30,2
DA:32,2
DA:33,4
DA:42,2
DA:43,2
DA:46,0
DA:50,0
DA:55,2
DA:58,2
DA:60,3
DA:61,1
DA:63,1
DA:64,1
DA:65,1
DA:68,0
DA:72,1
DA:77,1
DA:79,1
DA:82,0
DA:86,0
DA:88,0
DA:89,0
DA:90,0
DA:91,0
DA:94,0
DA:100,1
DA:102,1
DA:104,1
DA:105,1
DA:107,1
DA:108,1
DA:109,1
DA:112,0
DA:117,1
LF:44
LH:33
BRDA:21,0,0,1
BRDA:21,0,1,1
BRDA:32,1,0,0
BRDA:32,1,1,2
BRDA:58,2,0,1
BRDA:58,2,1,1
BRDA:60,3,0,1
BRDA:60,3,1,1
BRDA:63,4,0,1
BRDA:63,4,1,0
BRDA:79,5,0,1
BRDA:88,6,0,0
BRDA:88,6,1,0
BRDA:104,7,0,0
BRDA:104,7,1,1
BRDA:107,8,0,1
BRDA:107,8,1,0
BRF:17
BRH:11
end_of_record
TN:
SF:D:\Projetos\testfullstaksepeedio\backend\src\controllers\UserController.ts
FN:12,(anonymous_14)
FN:13,(anonymous_16)
FN:13,(anonymous_17)
FN:33,(anonymous_19)
FN:33,(anonymous_20)
FNF:5
FNH:5
FNDA:1,(anonymous_14)
FNDA:1,(anonymous_16)
FNDA:1,(anonymous_17)
FNDA:1,(anonymous_19)
FNDA:1,(anonymous_20)
DA:2,1
DA:3,1
DA:4,1
DA:12,1
DA:13,1
DA:14,1
DA:18,1
DA:20,1
DA:21,0
DA:24,1
DA:26,1
DA:29,0
DA:33,1
DA:35,1
DA:38,1
DA:40,1
DA:41,0
DA:44,1
DA:48,1
DA:50,1
DA:52,0
DA:55,1
LF:22
LH:18
BRDA:20,0,0,0
BRDA:20,0,1,1
BRDA:40,1,0,0
BRDA:40,1,1,1
BRF:4
BRH:2
end_of_record
TN:
SF:D:\Projetos\testfullstaksepeedio\backend\src\middlewares\checkToken.ts
FN:5,(anonymous_1)
FN:10,(anonymous_2)
FNF:2
FNH:2
FNDA:4,(anonymous_1)
FNDA:2,(anonymous_2)
DA:2,1
DA:3,1
DA:5,1
DA:7,4
DA:9,4
DA:10,2
DA:11,2
DA:12,0
DA:18,2
DA:19,2
DA:24,2
DA:25,2
LF:12
LH:11
BRDA:9,0,0,2
BRDA:9,0,1,2
BRDA:11,1,0,0
BRDA:11,1,1,2
BRF:4
BRH:3
end_of_record
TN:
SF:D:\Projetos\testfullstaksepeedio\backend\src\models\Url.ts
FNF:0
FNH:0
DA:1,1
DA:3,1
DA:12,1
DA:14,1
LF:4
LH:4
BRF:0
BRH:0
end_of_record
TN:
SF:D:\Projetos\testfullstaksepeedio\backend\src\models\User.ts
FNF:0
FNH:0
DA:1,1
DA:5,1
DA:11,1
DA:13,1
LF:4
LH:4
BRF:0
BRH:0
end_of_record
TN:
SF:D:\Projetos\testfullstaksepeedio\backend\src\routes\url.ts
FNF:0
FNH:0
DA:1,1
DA:2,1
DA:3,1
DA:5,1
DA:7,1
DA:8,1
DA:9,1
DA:10,1
DA:12,1
LF:9
LH:9
BRF:0
BRH:0
end_of_record
TN:
SF:D:\Projetos\testfullstaksepeedio\backend\src\routes\user.ts
FNF:0
FNH:0
DA:1,1
DA:2,1
DA:4,1
DA:6,1
DA:7,1
DA:9,1
LF:6
LH:6
BRF:0
BRH:0
end_of_record
